#
# There is insufficient memory for the Java Runtime Environment to continue.
# Native memory allocation (malloc) failed to allocate 959536 bytes for Chunk::new
# Possible reasons:
#   The system is out of physical RAM or swap space
#   The process is running with CompressedOops enabled, and the Java Heap may be blocking the growth of the native heap
# Possible solutions:
#   Reduce memory load on the system
#   Increase physical memory or swap space
#   Check if swap backing store is full
#   Decrease Java heap size (-Xmx/-Xms)
#   Decrease number of Java threads
#   Decrease Java thread stack sizes (-Xss)
#   Set larger code cache with -XX:ReservedCodeCacheSize=
#   JVM is running with Unscaled Compressed Oops mode in which the Java heap is
#     placed in the first 4GB address space. The Java Heap base address is the
#     maximum limit for the native heap growth. Please use -XX:HeapBaseMinAddress
#     to set the Java Heap base and to place the Java Heap above 4GB virtual address.
# This output file may be truncated or incomplete.
#
#  Out of Memory Error (./src/hotspot/share/memory/arena.cpp:197), pid=2500, tid=9008
#
# JRE version: OpenJDK Runtime Environment Temurin-11.0.16.1+1 (11.0.16.1+1) (build 11.0.16.1+1)
# Java VM: OpenJDK 64-Bit Server VM Temurin-11.0.16.1+1 (11.0.16.1+1, mixed mode, tiered, compressed oops, g1 gc, windows-amd64)
# No core dump will be written. Minidumps are not enabled by default on client versions of Windows
#

---------------  S U M M A R Y ------------

Command Line: --add-opens=java.base/java.util=ALL-UNNAMED --add-opens=java.base/java.lang=ALL-UNNAMED --add-opens=java.base/java.lang.invoke=ALL-UNNAMED --add-opens=java.base/java.util=ALL-UNNAMED --add-opens=java.prefs/java.util.prefs=ALL-UNNAMED --add-opens=java.prefs/java.util.prefs=ALL-UNNAMED --add-opens=java.base/java.nio.charset=ALL-UNNAMED --add-opens=java.base/java.net=ALL-UNNAMED --add-opens=java.base/java.util.concurrent.atomic=ALL-UNNAMED -XX:MaxMetaspaceSize=256m -XX:+HeapDumpOnOutOfMemoryError -Xms256m -Xmx512m -Dfile.encoding=windows-1252 -Duser.country=GB -Duser.language=en -Duser.variant org.gradle.launcher.daemon.bootstrap.GradleDaemon 7.2

Host: AMD Ryzen 3 3200U with Radeon Vega Mobile Gfx  , 4 cores, 3G,  Windows 10 , 64 bit Build 18362 (10.0.18362.1350)
Time: Thu Oct  6 00:19:30 2022 SE Asia Standard Time elapsed time: 73.248540 seconds (0d 0h 1m 13s)

---------------  T H R E A D  ---------------

Current thread (0x000002605505e000):  JavaThread "C2 CompilerThread0" daemon [_thread_in_native, id=9008, stack(0x000000928e200000,0x000000928e300000)]


Current CompileTask:
C2:  73249 5427       4       groovy.lang.MetaClassImpl$1MOPIter::methodNameAction (325 bytes)

Stack: [0x000000928e200000,0x000000928e300000]
Native frames: (J=compiled Java code, j=interpreted, Vv=VM code, C=native code)
V  [jvm.dll+0x61f18a]
V  [jvm.dll+0x7abb09]
V  [jvm.dll+0x7ad1f8]
V  [jvm.dll+0x7ad8d3]
V  [jvm.dll+0x24fc38]
V  [jvm.dll+0xc262c]
V  [jvm.dll+0xc2bec]
V  [jvm.dll+0x2c1ab4]
V  [jvm.dll+0x52e12c]
V  [jvm.dll+0x21118b]
V  [jvm.dll+0x20add4]
V  [jvm.dll+0x207f6b]
V  [jvm.dll+0x18a3a1]
V  [jvm.dll+0x2178e4]
V  [jvm.dll+0x215b2b]
V  [jvm.dll+0x76e610]
V  [jvm.dll+0x767544]
V  [jvm.dll+0x61dff5]
C  [ucrtbase.dll+0x210b2]
C  [KERNEL32.DLL+0x17c24]
C  [ntdll.dll+0x6d721]


---------------  P R O C E S S  ---------------

Threads class SMR info:
_java_thread_list=0x00000260598e7550, length=35, elements={
0x000002603a0d2000, 0x000002605503a800, 0x000002605503c000, 0x0000026055059800,
0x000002605505b800, 0x000002605505d000, 0x000002605505e000, 0x00000260559a6000,
0x00000260559ab000, 0x0000026055b1f800, 0x0000026057035800, 0x000002605690d800,
0x00000260573d1800, 0x0000026055e68000, 0x0000026055e69000, 0x0000026055e6a800,
0x0000026056550800, 0x0000026055f61800, 0x0000026055f62800, 0x0000026055f63800,
0x0000026055f80000, 0x0000026055f81000, 0x0000026055f81800, 0x0000026055f7c000,
0x0000026055f7e800, 0x0000026055f7d000, 0x0000026055f7f800, 0x0000026055f82800,
0x0000026055f7d800, 0x0000026057fa6800, 0x0000026057fa7800, 0x0000026057fa8000,
0x0000026057fa9000, 0x0000026057fa4000, 0x0000026057faa800
}

Java Threads: ( => current thread )
  0x000002603a0d2000 JavaThread "main" [_thread_blocked, id=16900, stack(0x000000928d600000,0x000000928d700000)]
  0x000002605503a800 JavaThread "Reference Handler" daemon [_thread_blocked, id=8420, stack(0x000000928dd00000,0x000000928de00000)]
  0x000002605503c000 JavaThread "Finalizer" daemon [_thread_blocked, id=13436, stack(0x000000928de00000,0x000000928df00000)]
  0x0000026055059800 JavaThread "Signal Dispatcher" daemon [_thread_blocked, id=15924, stack(0x000000928df00000,0x000000928e000000)]
  0x000002605505b800 JavaThread "Attach Listener" daemon [_thread_blocked, id=13428, stack(0x000000928e000000,0x000000928e100000)]
  0x000002605505d000 JavaThread "Service Thread" daemon [_thread_blocked, id=14136, stack(0x000000928e100000,0x000000928e200000)]
=>0x000002605505e000 JavaThread "C2 CompilerThread0" daemon [_thread_in_native, id=9008, stack(0x000000928e200000,0x000000928e300000)]
  0x00000260559a6000 JavaThread "C1 CompilerThread0" daemon [_thread_blocked, id=16820, stack(0x000000928e300000,0x000000928e400000)]
  0x00000260559ab000 JavaThread "Sweeper thread" daemon [_thread_blocked, id=4024, stack(0x000000928e400000,0x000000928e500000)]
  0x0000026055b1f800 JavaThread "Common-Cleaner" daemon [_thread_blocked, id=5292, stack(0x000000928e500000,0x000000928e600000)]
  0x0000026057035800 JavaThread "Daemon health stats" [_thread_blocked, id=1144, stack(0x000000928ea00000,0x000000928eb00000)]
  0x000002605690d800 JavaThread "Incoming local TCP Connector on port 58462" [_thread_in_native, id=10228, stack(0x000000928eb00000,0x000000928ec00000)]
  0x00000260573d1800 JavaThread "Daemon periodic checks" [_thread_blocked, id=8656, stack(0x000000928ec00000,0x000000928ed00000)]
  0x0000026055e68000 JavaThread "Daemon" [_thread_blocked, id=5784, stack(0x000000928ed00000,0x000000928ee00000)]
  0x0000026055e69000 JavaThread "Handler for socket connection from /127.0.0.1:58462 to /127.0.0.1:58463" [_thread_in_native, id=8812, stack(0x000000928ee00000,0x000000928ef00000)]
  0x0000026055e6a800 JavaThread "Cancel handler" [_thread_blocked, id=8304, stack(0x000000928ef00000,0x000000928f000000)]
  0x0000026056550800 JavaThread "Daemon worker" [_thread_in_vm, id=672, stack(0x000000928f000000,0x000000928f100000)]
  0x0000026055f61800 JavaThread "Asynchronous log dispatcher for DefaultDaemonConnection: socket connection from /127.0.0.1:58462 to /127.0.0.1:58463" [_thread_blocked, id=8440, stack(0x000000928f100000,0x000000928f200000)]
  0x0000026055f62800 JavaThread "Stdin handler" [_thread_blocked, id=11748, stack(0x000000928f200000,0x000000928f300000)]
  0x0000026055f63800 JavaThread "Daemon client event forwarder" [_thread_blocked, id=10896, stack(0x000000928f300000,0x000000928f400000)]
  0x0000026055f80000 JavaThread "Cache worker for journal cache (C:\Users\ASUS\.gradle\caches\journal-1)" [_thread_blocked, id=15688, stack(0x000000928f400000,0x000000928f500000)]
  0x0000026055f81000 JavaThread "File lock request listener" [_thread_in_native, id=3080, stack(0x000000928f500000,0x000000928f600000)]
  0x0000026055f81800 JavaThread "Cache worker for file hash cache (C:\Users\ASUS\.gradle\caches\7.2\fileHashes)" [_thread_blocked, id=16472, stack(0x000000928f600000,0x000000928f700000)]
  0x0000026055f7c000 JavaThread "Cache worker for file hash cache (C:\Users\ASUS\Downloads\login\android\.gradle\7.2\fileHashes)" [_thread_blocked, id=16624, stack(0x000000928f700000,0x000000928f800000)]
  0x0000026055f7e800 JavaThread "File watcher server" daemon [_thread_in_native, id=15452, stack(0x000000928f800000,0x000000928f900000)]
  0x0000026055f7d000 JavaThread "File watcher consumer" daemon [_thread_blocked, id=13556, stack(0x000000928f900000,0x000000928fa00000)]
  0x0000026055f7f800 JavaThread "Cache worker for checksums cache (C:\Users\ASUS\Downloads\login\android\.gradle\checksums)" [_thread_blocked, id=5208, stack(0x000000928fa00000,0x000000928fb00000)]
  0x0000026055f82800 JavaThread "Cache worker for cache directory md-supplier (C:\Users\ASUS\.gradle\caches\7.2\md-supplier)" [_thread_blocked, id=17048, stack(0x000000928fb00000,0x000000928fc00000)]
  0x0000026055f7d800 JavaThread "Cache worker for cache directory md-rule (C:\Users\ASUS\.gradle\caches\7.2\md-rule)" [_thread_blocked, id=2852, stack(0x000000928fc00000,0x000000928fd00000)]
  0x0000026057fa6800 JavaThread "Cache worker for execution history cache (C:\Users\ASUS\.gradle\caches\7.2\executionHistory)" [_thread_blocked, id=16180, stack(0x000000928fd00000,0x000000928fe00000)]
  0x0000026057fa7800 JavaThread "jar transforms" [_thread_blocked, id=2764, stack(0x000000928fe00000,0x000000928ff00000)]
  0x0000026057fa8000 JavaThread "jar transforms Thread 2" [_thread_blocked, id=8472, stack(0x000000928ff00000,0x0000009290000000)]
  0x0000026057fa9000 JavaThread "Cache worker for file content cache (C:\Users\ASUS\.gradle\caches\7.2\fileContent)" [_thread_blocked, id=15416, stack(0x0000009290000000,0x0000009290100000)]
  0x0000026057fa4000 JavaThread "jar transforms Thread 3" [_thread_blocked, id=2112, stack(0x0000009290100000,0x0000009290200000)]
  0x0000026057faa800 JavaThread "jar transforms Thread 4" [_thread_blocked, id=12884, stack(0x0000009290200000,0x0000009290300000)]

Other Threads:
  0x0000026055014800 VMThread "VM Thread" [stack: 0x000000928dc00000,0x000000928dd00000] [id=5124]
  0x0000026055b50000 WatcherThread [stack: 0x000000928e600000,0x000000928e700000] [id=17108]
  0x000002603a0eb800 GCTaskThread "GC Thread#0" [stack: 0x000000928d700000,0x000000928d800000] [id=17096]
  0x000002605617c000 GCTaskThread "GC Thread#1" [stack: 0x000000928e700000,0x000000928e800000] [id=8404]
  0x00000260561a4000 GCTaskThread "GC Thread#2" [stack: 0x000000928e800000,0x000000928e900000] [id=5576]
  0x0000026055d5d800 GCTaskThread "GC Thread#3" [stack: 0x000000928e900000,0x000000928ea00000] [id=5808]
  0x000002603a0fb800 ConcurrentGCThread "G1 Main Marker" [stack: 0x000000928d800000,0x000000928d900000] [id=10260]
  0x000002603a0fd000 ConcurrentGCThread "G1 Conc#0" [stack: 0x000000928d900000,0x000000928da00000] [id=13164]
  0x000002603a19e800 ConcurrentGCThread "G1 Refine#0" [stack: 0x000000928da00000,0x000000928db00000] [id=12796]
  0x0000026054eae800 ConcurrentGCThread "G1 Young RemSet Sampling" [stack: 0x000000928db00000,0x000000928dc00000] [id=16312]

Threads with active compile tasks:
C2 CompilerThread0    73372 5427       4       groovy.lang.MetaClassImpl$1MOPIter::methodNameAction (325 bytes)

VM state:not at safepoint (normal execution)

VM Mutex/Monitor currently owned by a thread: None

Heap address: 0x00000000e0000000, size: 512 MB, Compressed Oops mode: 32-bit
Narrow klass base: 0x0000000000000000, Narrow klass shift: 3
Compressed class space size: 260046848 Address: 0x0000000100000000

Heap:
 garbage-first heap   total 262144K, used 155684K [0x00000000e0000000, 0x0000000100000000)
  region size 1024K, 139 young (142336K), 16 survivors (16384K)
 Metaspace       used 46718K, capacity 47938K, committed 48176K, reserved 296960K
  class space    used 5800K, capacity 6213K, committed 6272K, reserved 253952K
Heap Regions: E=young(eden), S=young(survivor), O=old, HS=humongous(starts), HC=humongous(continues), CS=collection set, F=free, A=archive, TAMS=top-at-mark-start (previous, next)
|   0|0x00000000e0000000, 0x00000000e0100000, 0x00000000e0100000|100%| O|  |TAMS 0x00000000e0100000, 0x00000000e0000000| Untracked 
|   1|0x00000000e0100000, 0x00000000e0200000, 0x00000000e0200000|100%| O|  |TAMS 0x00000000e0200000, 0x00000000e0100000| Untracked 
|   2|0x00000000e0200000, 0x00000000e0300000, 0x00000000e0300000|100%| O|  |TAMS 0x00000000e0300000, 0x00000000e0200000| Untracked 
|   3|0x00000000e0300000, 0x00000000e0400000, 0x00000000e0400000|100%|HS|  |TAMS 0x00000000e0400000, 0x00000000e0300000| Complete 
|   4|0x00000000e0400000, 0x00000000e0500000, 0x00000000e0500000|100%|HC|  |TAMS 0x00000000e0500000, 0x00000000e0400000| Complete 
|   5|0x00000000e0500000, 0x00000000e0600000, 0x00000000e0600000|100%|HC|  |TAMS 0x00000000e0600000, 0x00000000e0500000| Complete 
|   6|0x00000000e0600000, 0x00000000e0700000, 0x00000000e0700000|100%| O|  |TAMS 0x00000000e0700000, 0x00000000e0600000| Untracked 
|   7|0x00000000e0700000, 0x00000000e0800000, 0x00000000e0800000|100%| O|  |TAMS 0x00000000e0800000, 0x00000000e0700000| Untracked 
|   8|0x00000000e0800000, 0x00000000e0900000, 0x00000000e0900000|100%| O|  |TAMS 0x00000000e0900000, 0x00000000e0800000| Untracked 
|   9|0x00000000e0900000, 0x00000000e0a00000, 0x00000000e0a00000|100%| O|  |TAMS 0x00000000e0a00000, 0x00000000e0900000| Untracked 
|  10|0x00000000e0a00000, 0x00000000e0b00000, 0x00000000e0b00000|100%| O|  |TAMS 0x00000000e0b00000, 0x00000000e0a00000| Untracked 
|  11|0x00000000e0b00000, 0x00000000e0c00000, 0x00000000e0c00000|100%| O|  |TAMS 0x00000000e0c00000, 0x00000000e0b00000| Untracked 
|  12|0x00000000e0c00000, 0x00000000e0d00000, 0x00000000e0d00000|100%| O|  |TAMS 0x00000000e0d00000, 0x00000000e0c00000| Untracked 
|  13|0x00000000e0d00000, 0x00000000e0e00000, 0x00000000e0e00000|100%| O|  |TAMS 0x00000000e0e00000, 0x00000000e0d00000| Untracked 
|  14|0x00000000e0e00000, 0x00000000e0e93800, 0x00000000e0f00000| 57%| O|  |TAMS 0x00000000e0e93800, 0x00000000e0e00000| Untracked 
|  15|0x00000000e0f00000, 0x00000000e0f00000, 0x00000000e1000000|  0%| F|  |TAMS 0x00000000e0f00000, 0x00000000e0f00000| Untracked 
|  16|0x00000000e1000000, 0x00000000e1000000, 0x00000000e1100000|  0%| F|  |TAMS 0x00000000e1000000, 0x00000000e1000000| Untracked 
|  17|0x00000000e1100000, 0x00000000e1100000, 0x00000000e1200000|  0%| F|  |TAMS 0x00000000e1100000, 0x00000000e1100000| Untracked 
|  18|0x00000000e1200000, 0x00000000e1200000, 0x00000000e1300000|  0%| F|  |TAMS 0x00000000e1200000, 0x00000000e1200000| Untracked 
|  19|0x00000000e1300000, 0x00000000e1300000, 0x00000000e1400000|  0%| F|  |TAMS 0x00000000e1300000, 0x00000000e1300000| Untracked 
|  20|0x00000000e1400000, 0x00000000e1400000, 0x00000000e1500000|  0%| F|  |TAMS 0x00000000e1400000, 0x00000000e1400000| Untracked 
|  21|0x00000000e1500000, 0x00000000e1500000, 0x00000000e1600000|  0%| F|  |TAMS 0x00000000e1500000, 0x00000000e1500000| Untracked 
|  22|0x00000000e1600000, 0x00000000e1600000, 0x00000000e1700000|  0%| F|  |TAMS 0x00000000e1600000, 0x00000000e1600000| Untracked 
|  23|0x00000000e1700000, 0x00000000e1700000, 0x00000000e1800000|  0%| F|  |TAMS 0x00000000e1700000, 0x00000000e1700000| Untracked 
|  24|0x00000000e1800000, 0x00000000e1800000, 0x00000000e1900000|  0%| F|  |TAMS 0x00000000e1800000, 0x00000000e1800000| Untracked 
|  25|0x00000000e1900000, 0x00000000e1900000, 0x00000000e1a00000|  0%| F|  |TAMS 0x00000000e1900000, 0x00000000e1900000| Untracked 
|  26|0x00000000e1a00000, 0x00000000e1a00000, 0x00000000e1b00000|  0%| F|  |TAMS 0x00000000e1a00000, 0x00000000e1a00000| Untracked 
|  27|0x00000000e1b00000, 0x00000000e1b00000, 0x00000000e1c00000|  0%| F|  |TAMS 0x00000000e1b00000, 0x00000000e1b00000| Untracked 
|  28|0x00000000e1c00000, 0x00000000e1c00000, 0x00000000e1d00000|  0%| F|  |TAMS 0x00000000e1c00000, 0x00000000e1c00000| Untracked 
|  29|0x00000000e1d00000, 0x00000000e1d00000, 0x00000000e1e00000|  0%| F|  |TAMS 0x00000000e1d00000, 0x00000000e1d00000| Untracked 
|  30|0x00000000e1e00000, 0x00000000e1e00000, 0x00000000e1f00000|  0%| F|  |TAMS 0x00000000e1e00000, 0x00000000e1e00000| Untracked 
|  31|0x00000000e1f00000, 0x00000000e1f00000, 0x00000000e2000000|  0%| F|  |TAMS 0x00000000e1f00000, 0x00000000e1f00000| Untracked 
|  32|0x00000000e2000000, 0x00000000e2000000, 0x00000000e2100000|  0%| F|  |TAMS 0x00000000e2000000, 0x00000000e2000000| Untracked 
|  33|0x00000000e2100000, 0x00000000e2100000, 0x00000000e2200000|  0%| F|  |TAMS 0x00000000e2100000, 0x00000000e2100000| Untracked 
|  34|0x00000000e2200000, 0x00000000e2200000, 0x00000000e2300000|  0%| F|  |TAMS 0x00000000e2200000, 0x00000000e2200000| Untracked 
|  35|0x00000000e2300000, 0x00000000e2300000, 0x00000000e2400000|  0%| F|  |TAMS 0x00000000e2300000, 0x00000000e2300000| Untracked 
|  36|0x00000000e2400000, 0x00000000e2400000, 0x00000000e2500000|  0%| F|  |TAMS 0x00000000e2400000, 0x00000000e2400000| Untracked 
|  37|0x00000000e2500000, 0x00000000e2500000, 0x00000000e2600000|  0%| F|  |TAMS 0x00000000e2500000, 0x00000000e2500000| Untracked 
|  38|0x00000000e2600000, 0x00000000e2600000, 0x00000000e2700000|  0%| F|  |TAMS 0x00000000e2600000, 0x00000000e2600000| Untracked 
|  39|0x00000000e2700000, 0x00000000e2700000, 0x00000000e2800000|  0%| F|  |TAMS 0x00000000e2700000, 0x00000000e2700000| Untracked 
|  40|0x00000000e2800000, 0x00000000e2800000, 0x00000000e2900000|  0%| F|  |TAMS 0x00000000e2800000, 0x00000000e2800000| Untracked 
|  41|0x00000000e2900000, 0x00000000e2900000, 0x00000000e2a00000|  0%| F|  |TAMS 0x00000000e2900000, 0x00000000e2900000| Untracked 
|  42|0x00000000e2a00000, 0x00000000e2a00000, 0x00000000e2b00000|  0%| F|  |TAMS 0x00000000e2a00000, 0x00000000e2a00000| Untracked 
|  43|0x00000000e2b00000, 0x00000000e2b00000, 0x00000000e2c00000|  0%| F|  |TAMS 0x00000000e2b00000, 0x00000000e2b00000| Untracked 
|  44|0x00000000e2c00000, 0x00000000e2c00000, 0x00000000e2d00000|  0%| F|  |TAMS 0x00000000e2c00000, 0x00000000e2c00000| Untracked 
|  45|0x00000000e2d00000, 0x00000000e2d00000, 0x00000000e2e00000|  0%| F|  |TAMS 0x00000000e2d00000, 0x00000000e2d00000| Untracked 
|  46|0x00000000e2e00000, 0x00000000e2e00000, 0x00000000e2f00000|  0%| F|  |TAMS 0x00000000e2e00000, 0x00000000e2e00000| Untracked 
|  47|0x00000000e2f00000, 0x00000000e2f00000, 0x00000000e3000000|  0%| F|  |TAMS 0x00000000e2f00000, 0x00000000e2f00000| Untracked 
|  48|0x00000000e3000000, 0x00000000e3000000, 0x00000000e3100000|  0%| F|  |TAMS 0x00000000e3000000, 0x00000000e3000000| Untracked 
|  49|0x00000000e3100000, 0x00000000e3100000, 0x00000000e3200000|  0%| F|  |TAMS 0x00000000e3100000, 0x00000000e3100000| Untracked 
|  50|0x00000000e3200000, 0x00000000e3200000, 0x00000000e3300000|  0%| F|  |TAMS 0x00000000e3200000, 0x00000000e3200000| Untracked 
|  51|0x00000000e3300000, 0x00000000e3300000, 0x00000000e3400000|  0%| F|  |TAMS 0x00000000e3300000, 0x00000000e3300000| Untracked 
|  52|0x00000000e3400000, 0x00000000e3400000, 0x00000000e3500000|  0%| F|  |TAMS 0x00000000e3400000, 0x00000000e3400000| Untracked 
|  53|0x00000000e3500000, 0x00000000e3500000, 0x00000000e3600000|  0%| F|  |TAMS 0x00000000e3500000, 0x00000000e3500000| Untracked 
|  54|0x00000000e3600000, 0x00000000e3600000, 0x00000000e3700000|  0%| F|  |TAMS 0x00000000e3600000, 0x00000000e3600000| Untracked 
|  55|0x00000000e3700000, 0x00000000e3700000, 0x00000000e3800000|  0%| F|  |TAMS 0x00000000e3700000, 0x00000000e3700000| Untracked 
|  56|0x00000000e3800000, 0x00000000e3800000, 0x00000000e3900000|  0%| F|  |TAMS 0x00000000e3800000, 0x00000000e3800000| Untracked 
|  57|0x00000000e3900000, 0x00000000e3900000, 0x00000000e3a00000|  0%| F|  |TAMS 0x00000000e3900000, 0x00000000e3900000| Untracked 
|  58|0x00000000e3a00000, 0x00000000e3a00000, 0x00000000e3b00000|  0%| F|  |TAMS 0x00000000e3a00000, 0x00000000e3a00000| Untracked 
|  59|0x00000000e3b00000, 0x00000000e3b00000, 0x00000000e3c00000|  0%| F|  |TAMS 0x00000000e3b00000, 0x00000000e3b00000| Untracked 
|  60|0x00000000e3c00000, 0x00000000e3c00000, 0x00000000e3d00000|  0%| F|  |TAMS 0x00000000e3c00000, 0x00000000e3c00000| Untracked 
|  61|0x00000000e3d00000, 0x00000000e3d00000, 0x00000000e3e00000|  0%| F|  |TAMS 0x00000000e3d00000, 0x00000000e3d00000| Untracked 
|  62|0x00000000e3e00000, 0x00000000e3e00000, 0x00000000e3f00000|  0%| F|  |TAMS 0x00000000e3e00000, 0x00000000e3e00000| Untracked 
|  63|0x00000000e3f00000, 0x00000000e3f00000, 0x00000000e4000000|  0%| F|  |TAMS 0x00000000e3f00000, 0x00000000e3f00000| Untracked 
|  64|0x00000000e4000000, 0x00000000e4000000, 0x00000000e4100000|  0%| F|  |TAMS 0x00000000e4000000, 0x00000000e4000000| Untracked 
|  65|0x00000000e4100000, 0x00000000e4100000, 0x00000000e4200000|  0%| F|  |TAMS 0x00000000e4100000, 0x00000000e4100000| Untracked 
|  66|0x00000000e4200000, 0x00000000e4200000, 0x00000000e4300000|  0%| F|  |TAMS 0x00000000e4200000, 0x00000000e4200000| Untracked 
|  67|0x00000000e4300000, 0x00000000e4300000, 0x00000000e4400000|  0%| F|  |TAMS 0x00000000e4300000, 0x00000000e4300000| Untracked 
|  68|0x00000000e4400000, 0x00000000e4400000, 0x00000000e4500000|  0%| F|  |TAMS 0x00000000e4400000, 0x00000000e4400000| Untracked 
|  69|0x00000000e4500000, 0x00000000e4500000, 0x00000000e4600000|  0%| F|  |TAMS 0x00000000e4500000, 0x00000000e4500000| Untracked 
|  70|0x00000000e4600000, 0x00000000e4600000, 0x00000000e4700000|  0%| F|  |TAMS 0x00000000e4600000, 0x00000000e4600000| Untracked 
|  71|0x00000000e4700000, 0x00000000e4700000, 0x00000000e4800000|  0%| F|  |TAMS 0x00000000e4700000, 0x00000000e4700000| Untracked 
|  72|0x00000000e4800000, 0x00000000e4800000, 0x00000000e4900000|  0%| F|  |TAMS 0x00000000e4800000, 0x00000000e4800000| Untracked 
|  73|0x00000000e4900000, 0x00000000e4900000, 0x00000000e4a00000|  0%| F|  |TAMS 0x00000000e4900000, 0x00000000e4900000| Untracked 
|  74|0x00000000e4a00000, 0x00000000e4a00000, 0x00000000e4b00000|  0%| F|  |TAMS 0x00000000e4a00000, 0x00000000e4a00000| Untracked 
|  75|0x00000000e4b00000, 0x00000000e4b00000, 0x00000000e4c00000|  0%| F|  |TAMS 0x00000000e4b00000, 0x00000000e4b00000| Untracked 
|  76|0x00000000e4c00000, 0x00000000e4c00000, 0x00000000e4d00000|  0%| F|  |TAMS 0x00000000e4c00000, 0x00000000e4c00000| Untracked 
|  77|0x00000000e4d00000, 0x00000000e4d00000, 0x00000000e4e00000|  0%| F|  |TAMS 0x00000000e4d00000, 0x00000000e4d00000| Untracked 
|  78|0x00000000e4e00000, 0x00000000e4e00000, 0x00000000e4f00000|  0%| F|  |TAMS 0x00000000e4e00000, 0x00000000e4e00000| Untracked 
|  79|0x00000000e4f00000, 0x00000000e4f00000, 0x00000000e5000000|  0%| F|  |TAMS 0x00000000e4f00000, 0x00000000e4f00000| Untracked 
|  80|0x00000000e5000000, 0x00000000e5000000, 0x00000000e5100000|  0%| F|  |TAMS 0x00000000e5000000, 0x00000000e5000000| Untracked 
|  81|0x00000000e5100000, 0x00000000e5100000, 0x00000000e5200000|  0%| F|  |TAMS 0x00000000e5100000, 0x00000000e5100000| Untracked 
|  82|0x00000000e5200000, 0x00000000e5200000, 0x00000000e5300000|  0%| F|  |TAMS 0x00000000e5200000, 0x00000000e5200000| Untracked 
|  83|0x00000000e5300000, 0x00000000e5300000, 0x00000000e5400000|  0%| F|  |TAMS 0x00000000e5300000, 0x00000000e5300000| Untracked 
|  84|0x00000000e5400000, 0x00000000e5400000, 0x00000000e5500000|  0%| F|  |TAMS 0x00000000e5400000, 0x00000000e5400000| Untracked 
|  85|0x00000000e5500000, 0x00000000e5500000, 0x00000000e5600000|  0%| F|  |TAMS 0x00000000e5500000, 0x00000000e5500000| Untracked 
|  86|0x00000000e5600000, 0x00000000e5600000, 0x00000000e5700000|  0%| F|  |TAMS 0x00000000e5600000, 0x00000000e5600000| Untracked 
|  87|0x00000000e5700000, 0x00000000e5700000, 0x00000000e5800000|  0%| F|  |TAMS 0x00000000e5700000, 0x00000000e5700000| Untracked 
|  88|0x00000000e5800000, 0x00000000e5800000, 0x00000000e5900000|  0%| F|  |TAMS 0x00000000e5800000, 0x00000000e5800000| Untracked 
|  89|0x00000000e5900000, 0x00000000e5900000, 0x00000000e5a00000|  0%| F|  |TAMS 0x00000000e5900000, 0x00000000e5900000| Untracked 
|  90|0x00000000e5a00000, 0x00000000e5a00000, 0x00000000e5b00000|  0%| F|  |TAMS 0x00000000e5a00000, 0x00000000e5a00000| Untracked 
|  91|0x00000000e5b00000, 0x00000000e5b00000, 0x00000000e5c00000|  0%| F|  |TAMS 0x00000000e5b00000, 0x00000000e5b00000| Untracked 
|  92|0x00000000e5c00000, 0x00000000e5c00000, 0x00000000e5d00000|  0%| F|  |TAMS 0x00000000e5c00000, 0x00000000e5c00000| Untracked 
|  93|0x00000000e5d00000, 0x00000000e5d00000, 0x00000000e5e00000|  0%| F|  |TAMS 0x00000000e5d00000, 0x00000000e5d00000| Untracked 
|  94|0x00000000e5e00000, 0x00000000e5e00000, 0x00000000e5f00000|  0%| F|  |TAMS 0x00000000e5e00000, 0x00000000e5e00000| Untracked 
|  95|0x00000000e5f00000, 0x00000000e5f00000, 0x00000000e6000000|  0%| F|  |TAMS 0x00000000e5f00000, 0x00000000e5f00000| Untracked 
|  96|0x00000000e6000000, 0x00000000e6000000, 0x00000000e6100000|  0%| F|  |TAMS 0x00000000e6000000, 0x00000000e6000000| Untracked 
|  97|0x00000000e6100000, 0x00000000e6100000, 0x00000000e6200000|  0%| F|  |TAMS 0x00000000e6100000, 0x00000000e6100000| Untracked 
|  98|0x00000000e6200000, 0x00000000e6200000, 0x00000000e6300000|  0%| F|  |TAMS 0x00000000e6200000, 0x00000000e6200000| Untracked 
|  99|0x00000000e6300000, 0x00000000e6300000, 0x00000000e6400000|  0%| F|  |TAMS 0x00000000e6300000, 0x00000000e6300000| Untracked 
| 100|0x00000000e6400000, 0x00000000e6400000, 0x00000000e6500000|  0%| F|  |TAMS 0x00000000e6400000, 0x00000000e6400000| Untracked 
| 101|0x00000000e6500000, 0x00000000e6500000, 0x00000000e6600000|  0%| F|  |TAMS 0x00000000e6500000, 0x00000000e6500000| Untracked 
| 102|0x00000000e6600000, 0x00000000e6600000, 0x00000000e6700000|  0%| F|  |TAMS 0x00000000e6600000, 0x00000000e6600000| Untracked 
| 103|0x00000000e6700000, 0x00000000e6700000, 0x00000000e6800000|  0%| F|  |TAMS 0x00000000e6700000, 0x00000000e6700000| Untracked 
| 104|0x00000000e6800000, 0x00000000e6800000, 0x00000000e6900000|  0%| F|  |TAMS 0x00000000e6800000, 0x00000000e6800000| Untracked 
| 105|0x00000000e6900000, 0x00000000e6900000, 0x00000000e6a00000|  0%| F|  |TAMS 0x00000000e6900000, 0x00000000e6900000| Untracked 
| 106|0x00000000e6a00000, 0x00000000e6a00000, 0x00000000e6b00000|  0%| F|  |TAMS 0x00000000e6a00000, 0x00000000e6a00000| Untracked 
| 107|0x00000000e6b00000, 0x00000000e6b00000, 0x00000000e6c00000|  0%| F|  |TAMS 0x00000000e6b00000, 0x00000000e6b00000| Untracked 
| 108|0x00000000e6c00000, 0x00000000e6c00000, 0x00000000e6d00000|  0%| F|  |TAMS 0x00000000e6c00000, 0x00000000e6c00000| Untracked 
| 109|0x00000000e6d00000, 0x00000000e6d00000, 0x00000000e6e00000|  0%| F|  |TAMS 0x00000000e6d00000, 0x00000000e6d00000| Untracked 
| 110|0x00000000e6e00000, 0x00000000e6e00000, 0x00000000e6f00000|  0%| F|  |TAMS 0x00000000e6e00000, 0x00000000e6e00000| Untracked 
| 111|0x00000000e6f00000, 0x00000000e6f00000, 0x00000000e7000000|  0%| F|  |TAMS 0x00000000e6f00000, 0x00000000e6f00000| Untracked 
| 112|0x00000000e7000000, 0x00000000e7000000, 0x00000000e7100000|  0%| F|  |TAMS 0x00000000e7000000, 0x00000000e7000000| Untracked 
| 113|0x00000000e7100000, 0x00000000e7100000, 0x00000000e7200000|  0%| F|  |TAMS 0x00000000e7100000, 0x00000000e7100000| Untracked 
| 114|0x00000000e7200000, 0x00000000e7275ae8, 0x00000000e7300000| 45%| S|CS|TAMS 0x00000000e7200000, 0x00000000e7200000| Complete 
| 115|0x00000000e7300000, 0x00000000e7400000, 0x00000000e7400000|100%| S|CS|TAMS 0x00000000e7300000, 0x00000000e7300000| Complete 
| 116|0x00000000e7400000, 0x00000000e7500000, 0x00000000e7500000|100%| S|CS|TAMS 0x00000000e7400000, 0x00000000e7400000| Complete 
| 117|0x00000000e7500000, 0x00000000e7600000, 0x00000000e7600000|100%| S|CS|TAMS 0x00000000e7500000, 0x00000000e7500000| Complete 
| 118|0x00000000e7600000, 0x00000000e7700000, 0x00000000e7700000|100%| S|CS|TAMS 0x00000000e7600000, 0x00000000e7600000| Complete 
| 119|0x00000000e7700000, 0x00000000e7800000, 0x00000000e7800000|100%| S|CS|TAMS 0x00000000e7700000, 0x00000000e7700000| Complete 
| 120|0x00000000e7800000, 0x00000000e7900000, 0x00000000e7900000|100%| S|CS|TAMS 0x00000000e7800000, 0x00000000e7800000| Complete 
| 121|0x00000000e7900000, 0x00000000e7a00000, 0x00000000e7a00000|100%| S|CS|TAMS 0x00000000e7900000, 0x00000000e7900000| Complete 
| 122|0x00000000e7a00000, 0x00000000e7b00000, 0x00000000e7b00000|100%| S|CS|TAMS 0x00000000e7a00000, 0x00000000e7a00000| Complete 
| 123|0x00000000e7b00000, 0x00000000e7c00000, 0x00000000e7c00000|100%| S|CS|TAMS 0x00000000e7b00000, 0x00000000e7b00000| Complete 
| 124|0x00000000e7c00000, 0x00000000e7d00000, 0x00000000e7d00000|100%| S|CS|TAMS 0x00000000e7c00000, 0x00000000e7c00000| Complete 
| 125|0x00000000e7d00000, 0x00000000e7e00000, 0x00000000e7e00000|100%| S|CS|TAMS 0x00000000e7d00000, 0x00000000e7d00000| Complete 
| 126|0x00000000e7e00000, 0x00000000e7f00000, 0x00000000e7f00000|100%| S|CS|TAMS 0x00000000e7e00000, 0x00000000e7e00000| Complete 
| 127|0x00000000e7f00000, 0x00000000e8000000, 0x00000000e8000000|100%| S|CS|TAMS 0x00000000e7f00000, 0x00000000e7f00000| Complete 
| 128|0x00000000e8000000, 0x00000000e8100000, 0x00000000e8100000|100%| S|CS|TAMS 0x00000000e8000000, 0x00000000e8000000| Complete 
| 129|0x00000000e8100000, 0x00000000e8200000, 0x00000000e8200000|100%| S|CS|TAMS 0x00000000e8100000, 0x00000000e8100000| Complete 
| 130|0x00000000e8200000, 0x00000000e8200000, 0x00000000e8300000|  0%| F|  |TAMS 0x00000000e8200000, 0x00000000e8200000| Untracked 
| 131|0x00000000e8300000, 0x00000000e8300000, 0x00000000e8400000|  0%| F|  |TAMS 0x00000000e8300000, 0x00000000e8300000| Untracked 
| 132|0x00000000e8400000, 0x00000000e8400000, 0x00000000e8500000|  0%| F|  |TAMS 0x00000000e8400000, 0x00000000e8400000| Untracked 
| 133|0x00000000e8500000, 0x00000000e8580800, 0x00000000e8600000| 50%| E|  |TAMS 0x00000000e8500000, 0x00000000e8500000| Complete 
| 134|0x00000000e8600000, 0x00000000e8700000, 0x00000000e8700000|100%| E|CS|TAMS 0x00000000e8600000, 0x00000000e8600000| Complete 
| 135|0x00000000e8700000, 0x00000000e8800000, 0x00000000e8800000|100%| E|CS|TAMS 0x00000000e8700000, 0x00000000e8700000| Complete 
| 136|0x00000000e8800000, 0x00000000e8900000, 0x00000000e8900000|100%| E|CS|TAMS 0x00000000e8800000, 0x00000000e8800000| Complete 
| 137|0x00000000e8900000, 0x00000000e8a00000, 0x00000000e8a00000|100%| E|CS|TAMS 0x00000000e8900000, 0x00000000e8900000| Complete 
| 138|0x00000000e8a00000, 0x00000000e8b00000, 0x00000000e8b00000|100%| E|CS|TAMS 0x00000000e8a00000, 0x00000000e8a00000| Complete 
| 139|0x00000000e8b00000, 0x00000000e8c00000, 0x00000000e8c00000|100%| E|CS|TAMS 0x00000000e8b00000, 0x00000000e8b00000| Complete 
| 140|0x00000000e8c00000, 0x00000000e8d00000, 0x00000000e8d00000|100%| E|CS|TAMS 0x00000000e8c00000, 0x00000000e8c00000| Complete 
| 141|0x00000000e8d00000, 0x00000000e8e00000, 0x00000000e8e00000|100%| E|CS|TAMS 0x00000000e8d00000, 0x00000000e8d00000| Complete 
| 142|0x00000000e8e00000, 0x00000000e8f00000, 0x00000000e8f00000|100%| E|CS|TAMS 0x00000000e8e00000, 0x00000000e8e00000| Complete 
| 143|0x00000000e8f00000, 0x00000000e9000000, 0x00000000e9000000|100%| E|CS|TAMS 0x00000000e8f00000, 0x00000000e8f00000| Complete 
| 144|0x00000000e9000000, 0x00000000e9100000, 0x00000000e9100000|100%| E|CS|TAMS 0x00000000e9000000, 0x00000000e9000000| Complete 
| 145|0x00000000e9100000, 0x00000000e9200000, 0x00000000e9200000|100%| E|CS|TAMS 0x00000000e9100000, 0x00000000e9100000| Complete 
| 146|0x00000000e9200000, 0x00000000e9300000, 0x00000000e9300000|100%| E|CS|TAMS 0x00000000e9200000, 0x00000000e9200000| Complete 
| 147|0x00000000e9300000, 0x00000000e9400000, 0x00000000e9400000|100%| E|CS|TAMS 0x00000000e9300000, 0x00000000e9300000| Complete 
| 148|0x00000000e9400000, 0x00000000e9500000, 0x00000000e9500000|100%| E|CS|TAMS 0x00000000e9400000, 0x00000000e9400000| Complete 
| 149|0x00000000e9500000, 0x00000000e9600000, 0x00000000e9600000|100%| E|CS|TAMS 0x00000000e9500000, 0x00000000e9500000| Complete 
| 150|0x00000000e9600000, 0x00000000e9700000, 0x00000000e9700000|100%| E|CS|TAMS 0x00000000e9600000, 0x00000000e9600000| Complete 
| 151|0x00000000e9700000, 0x00000000e9800000, 0x00000000e9800000|100%| E|CS|TAMS 0x00000000e9700000, 0x00000000e9700000| Complete 
| 152|0x00000000e9800000, 0x00000000e9900000, 0x00000000e9900000|100%| E|CS|TAMS 0x00000000e9800000, 0x00000000e9800000| Complete 
| 153|0x00000000e9900000, 0x00000000e9a00000, 0x00000000e9a00000|100%| E|CS|TAMS 0x00000000e9900000, 0x00000000e9900000| Complete 
| 154|0x00000000e9a00000, 0x00000000e9b00000, 0x00000000e9b00000|100%| E|CS|TAMS 0x00000000e9a00000, 0x00000000e9a00000| Complete 
| 155|0x00000000e9b00000, 0x00000000e9c00000, 0x00000000e9c00000|100%| E|CS|TAMS 0x00000000e9b00000, 0x00000000e9b00000| Complete 
| 156|0x00000000e9c00000, 0x00000000e9d00000, 0x00000000e9d00000|100%| E|CS|TAMS 0x00000000e9c00000, 0x00000000e9c00000| Complete 
| 157|0x00000000e9d00000, 0x00000000e9e00000, 0x00000000e9e00000|100%| E|CS|TAMS 0x00000000e9d00000, 0x00000000e9d00000| Complete 
| 158|0x00000000e9e00000, 0x00000000e9f00000, 0x00000000e9f00000|100%| E|CS|TAMS 0x00000000e9e00000, 0x00000000e9e00000| Complete 
| 159|0x00000000e9f00000, 0x00000000ea000000, 0x00000000ea000000|100%| E|CS|TAMS 0x00000000e9f00000, 0x00000000e9f00000| Complete 
| 160|0x00000000ea000000, 0x00000000ea100000, 0x00000000ea100000|100%| E|CS|TAMS 0x00000000ea000000, 0x00000000ea000000| Complete 
| 161|0x00000000ea100000, 0x00000000ea200000, 0x00000000ea200000|100%| E|CS|TAMS 0x00000000ea100000, 0x00000000ea100000| Complete 
| 162|0x00000000ea200000, 0x00000000ea300000, 0x00000000ea300000|100%| E|CS|TAMS 0x00000000ea200000, 0x00000000ea200000| Complete 
| 163|0x00000000ea300000, 0x00000000ea400000, 0x00000000ea400000|100%| E|CS|TAMS 0x00000000ea300000, 0x00000000ea300000| Complete 
| 164|0x00000000ea400000, 0x00000000ea500000, 0x00000000ea500000|100%| E|CS|TAMS 0x00000000ea400000, 0x00000000ea400000| Complete 
| 165|0x00000000ea500000, 0x00000000ea600000, 0x00000000ea600000|100%| E|CS|TAMS 0x00000000ea500000, 0x00000000ea500000| Complete 
| 166|0x00000000ea600000, 0x00000000ea700000, 0x00000000ea700000|100%| E|CS|TAMS 0x00000000ea600000, 0x00000000ea600000| Complete 
| 167|0x00000000ea700000, 0x00000000ea800000, 0x00000000ea800000|100%| E|CS|TAMS 0x00000000ea700000, 0x00000000ea700000| Complete 
| 168|0x00000000ea800000, 0x00000000ea900000, 0x00000000ea900000|100%| E|CS|TAMS 0x00000000ea800000, 0x00000000ea800000| Complete 
| 169|0x00000000ea900000, 0x00000000eaa00000, 0x00000000eaa00000|100%| E|CS|TAMS 0x00000000ea900000, 0x00000000ea900000| Complete 
| 170|0x00000000eaa00000, 0x00000000eab00000, 0x00000000eab00000|100%| E|CS|TAMS 0x00000000eaa00000, 0x00000000eaa00000| Complete 
| 171|0x00000000eab00000, 0x00000000eac00000, 0x00000000eac00000|100%| E|CS|TAMS 0x00000000eab00000, 0x00000000eab00000| Complete 
| 172|0x00000000eac00000, 0x00000000ead00000, 0x00000000ead00000|100%| E|CS|TAMS 0x00000000eac00000, 0x00000000eac00000| Complete 
| 173|0x00000000ead00000, 0x00000000eae00000, 0x00000000eae00000|100%| E|CS|TAMS 0x00000000ead00000, 0x00000000ead00000| Complete 
| 174|0x00000000eae00000, 0x00000000eaf00000, 0x00000000eaf00000|100%| E|CS|TAMS 0x00000000eae00000, 0x00000000eae00000| Complete 
| 175|0x00000000eaf00000, 0x00000000eb000000, 0x00000000eb000000|100%| E|CS|TAMS 0x00000000eaf00000, 0x00000000eaf00000| Complete 
| 176|0x00000000eb000000, 0x00000000eb100000, 0x00000000eb100000|100%| E|CS|TAMS 0x00000000eb000000, 0x00000000eb000000| Complete 
| 177|0x00000000eb100000, 0x00000000eb200000, 0x00000000eb200000|100%| E|CS|TAMS 0x00000000eb100000, 0x00000000eb100000| Complete 
| 178|0x00000000eb200000, 0x00000000eb300000, 0x00000000eb300000|100%| E|CS|TAMS 0x00000000eb200000, 0x00000000eb200000| Complete 
| 179|0x00000000eb300000, 0x00000000eb400000, 0x00000000eb400000|100%| E|CS|TAMS 0x00000000eb300000, 0x00000000eb300000| Complete 
| 180|0x00000000eb400000, 0x00000000eb500000, 0x00000000eb500000|100%| E|CS|TAMS 0x00000000eb400000, 0x00000000eb400000| Complete 
| 181|0x00000000eb500000, 0x00000000eb600000, 0x00000000eb600000|100%| E|CS|TAMS 0x00000000eb500000, 0x00000000eb500000| Complete 
| 182|0x00000000eb600000, 0x00000000eb700000, 0x00000000eb700000|100%| E|CS|TAMS 0x00000000eb600000, 0x00000000eb600000| Complete 
| 183|0x00000000eb700000, 0x00000000eb800000, 0x00000000eb800000|100%| E|CS|TAMS 0x00000000eb700000, 0x00000000eb700000| Complete 
| 184|0x00000000eb800000, 0x00000000eb900000, 0x00000000eb900000|100%| E|CS|TAMS 0x00000000eb800000, 0x00000000eb800000| Complete 
| 185|0x00000000eb900000, 0x00000000eba00000, 0x00000000eba00000|100%| E|CS|TAMS 0x00000000eb900000, 0x00000000eb900000| Complete 
| 186|0x00000000eba00000, 0x00000000ebb00000, 0x00000000ebb00000|100%| E|CS|TAMS 0x00000000eba00000, 0x00000000eba00000| Complete 
| 187|0x00000000ebb00000, 0x00000000ebc00000, 0x00000000ebc00000|100%| E|CS|TAMS 0x00000000ebb00000, 0x00000000ebb00000| Complete 
| 188|0x00000000ebc00000, 0x00000000ebd00000, 0x00000000ebd00000|100%| E|CS|TAMS 0x00000000ebc00000, 0x00000000ebc00000| Complete 
| 189|0x00000000ebd00000, 0x00000000ebe00000, 0x00000000ebe00000|100%| E|CS|TAMS 0x00000000ebd00000, 0x00000000ebd00000| Complete 
| 190|0x00000000ebe00000, 0x00000000ebf00000, 0x00000000ebf00000|100%| E|CS|TAMS 0x00000000ebe00000, 0x00000000ebe00000| Complete 
| 191|0x00000000ebf00000, 0x00000000ec000000, 0x00000000ec000000|100%| E|CS|TAMS 0x00000000ebf00000, 0x00000000ebf00000| Complete 
| 192|0x00000000ec000000, 0x00000000ec100000, 0x00000000ec100000|100%| E|CS|TAMS 0x00000000ec000000, 0x00000000ec000000| Complete 
| 193|0x00000000ec100000, 0x00000000ec200000, 0x00000000ec200000|100%| E|CS|TAMS 0x00000000ec100000, 0x00000000ec100000| Complete 
| 194|0x00000000ec200000, 0x00000000ec300000, 0x00000000ec300000|100%| E|CS|TAMS 0x00000000ec200000, 0x00000000ec200000| Complete 
| 195|0x00000000ec300000, 0x00000000ec400000, 0x00000000ec400000|100%| E|CS|TAMS 0x00000000ec300000, 0x00000000ec300000| Complete 
| 196|0x00000000ec400000, 0x00000000ec500000, 0x00000000ec500000|100%| E|CS|TAMS 0x00000000ec400000, 0x00000000ec400000| Complete 
| 197|0x00000000ec500000, 0x00000000ec600000, 0x00000000ec600000|100%| E|CS|TAMS 0x00000000ec500000, 0x00000000ec500000| Complete 
| 198|0x00000000ec600000, 0x00000000ec700000, 0x00000000ec700000|100%| E|CS|TAMS 0x00000000ec600000, 0x00000000ec600000| Complete 
| 199|0x00000000ec700000, 0x00000000ec800000, 0x00000000ec800000|100%| E|CS|TAMS 0x00000000ec700000, 0x00000000ec700000| Complete 
| 200|0x00000000ec800000, 0x00000000ec900000, 0x00000000ec900000|100%| E|CS|TAMS 0x00000000ec800000, 0x00000000ec800000| Complete 
| 201|0x00000000ec900000, 0x00000000eca00000, 0x00000000eca00000|100%| E|CS|TAMS 0x00000000ec900000, 0x00000000ec900000| Complete 
| 202|0x00000000eca00000, 0x00000000ecb00000, 0x00000000ecb00000|100%| E|CS|TAMS 0x00000000eca00000, 0x00000000eca00000| Complete 
| 203|0x00000000ecb00000, 0x00000000ecc00000, 0x00000000ecc00000|100%| E|CS|TAMS 0x00000000ecb00000, 0x00000000ecb00000| Complete 
| 204|0x00000000ecc00000, 0x00000000ecd00000, 0x00000000ecd00000|100%| E|CS|TAMS 0x00000000ecc00000, 0x00000000ecc00000| Complete 
| 205|0x00000000ecd00000, 0x00000000ece00000, 0x00000000ece00000|100%| E|CS|TAMS 0x00000000ecd00000, 0x00000000ecd00000| Complete 
| 206|0x00000000ece00000, 0x00000000ecf00000, 0x00000000ecf00000|100%| E|CS|TAMS 0x00000000ece00000, 0x00000000ece00000| Complete 
| 207|0x00000000ecf00000, 0x00000000ed000000, 0x00000000ed000000|100%| E|CS|TAMS 0x00000000ecf00000, 0x00000000ecf00000| Complete 
| 208|0x00000000ed000000, 0x00000000ed100000, 0x00000000ed100000|100%| E|CS|TAMS 0x00000000ed000000, 0x00000000ed000000| Complete 
| 209|0x00000000ed100000, 0x00000000ed200000, 0x00000000ed200000|100%| E|CS|TAMS 0x00000000ed100000, 0x00000000ed100000| Complete 
| 210|0x00000000ed200000, 0x00000000ed300000, 0x00000000ed300000|100%| E|CS|TAMS 0x00000000ed200000, 0x00000000ed200000| Complete 
| 211|0x00000000ed300000, 0x00000000ed400000, 0x00000000ed400000|100%| E|CS|TAMS 0x00000000ed300000, 0x00000000ed300000| Complete 
| 212|0x00000000ed400000, 0x00000000ed500000, 0x00000000ed500000|100%| E|CS|TAMS 0x00000000ed400000, 0x00000000ed400000| Complete 
| 213|0x00000000ed500000, 0x00000000ed600000, 0x00000000ed600000|100%| E|CS|TAMS 0x00000000ed500000, 0x00000000ed500000| Complete 
| 214|0x00000000ed600000, 0x00000000ed700000, 0x00000000ed700000|100%| E|CS|TAMS 0x00000000ed600000, 0x00000000ed600000| Complete 
| 215|0x00000000ed700000, 0x00000000ed800000, 0x00000000ed800000|100%| E|CS|TAMS 0x00000000ed700000, 0x00000000ed700000| Complete 
| 216|0x00000000ed800000, 0x00000000ed900000, 0x00000000ed900000|100%| E|CS|TAMS 0x00000000ed800000, 0x00000000ed800000| Complete 
| 217|0x00000000ed900000, 0x00000000eda00000, 0x00000000eda00000|100%| E|CS|TAMS 0x00000000ed900000, 0x00000000ed900000| Complete 
| 218|0x00000000eda00000, 0x00000000edb00000, 0x00000000edb00000|100%| E|CS|TAMS 0x00000000eda00000, 0x00000000eda00000| Complete 
| 219|0x00000000edb00000, 0x00000000edc00000, 0x00000000edc00000|100%| E|CS|TAMS 0x00000000edb00000, 0x00000000edb00000| Complete 
| 220|0x00000000edc00000, 0x00000000edd00000, 0x00000000edd00000|100%| E|CS|TAMS 0x00000000edc00000, 0x00000000edc00000| Complete 
| 221|0x00000000edd00000, 0x00000000ede00000, 0x00000000ede00000|100%| E|CS|TAMS 0x00000000edd00000, 0x00000000edd00000| Complete 
| 222|0x00000000ede00000, 0x00000000edf00000, 0x00000000edf00000|100%| E|CS|TAMS 0x00000000ede00000, 0x00000000ede00000| Complete 
| 223|0x00000000edf00000, 0x00000000ee000000, 0x00000000ee000000|100%| E|CS|TAMS 0x00000000edf00000, 0x00000000edf00000| Complete 
| 224|0x00000000ee000000, 0x00000000ee100000, 0x00000000ee100000|100%| E|CS|TAMS 0x00000000ee000000, 0x00000000ee000000| Complete 
| 225|0x00000000ee100000, 0x00000000ee200000, 0x00000000ee200000|100%| E|CS|TAMS 0x00000000ee100000, 0x00000000ee100000| Complete 
| 226|0x00000000ee200000, 0x00000000ee300000, 0x00000000ee300000|100%| E|CS|TAMS 0x00000000ee200000, 0x00000000ee200000| Complete 
| 227|0x00000000ee300000, 0x00000000ee400000, 0x00000000ee400000|100%| E|CS|TAMS 0x00000000ee300000, 0x00000000ee300000| Complete 
| 228|0x00000000ee400000, 0x00000000ee500000, 0x00000000ee500000|100%| E|CS|TAMS 0x00000000ee400000, 0x00000000ee400000| Complete 
| 229|0x00000000ee500000, 0x00000000ee600000, 0x00000000ee600000|100%| E|CS|TAMS 0x00000000ee500000, 0x00000000ee500000| Complete 
| 230|0x00000000ee600000, 0x00000000ee700000, 0x00000000ee700000|100%| E|CS|TAMS 0x00000000ee600000, 0x00000000ee600000| Complete 
| 231|0x00000000ee700000, 0x00000000ee800000, 0x00000000ee800000|100%| E|CS|TAMS 0x00000000ee700000, 0x00000000ee700000| Complete 
| 232|0x00000000ee800000, 0x00000000ee900000, 0x00000000ee900000|100%| E|CS|TAMS 0x00000000ee800000, 0x00000000ee800000| Complete 
| 233|0x00000000ee900000, 0x00000000eea00000, 0x00000000eea00000|100%| E|CS|TAMS 0x00000000ee900000, 0x00000000ee900000| Complete 
| 234|0x00000000eea00000, 0x00000000eeb00000, 0x00000000eeb00000|100%| E|CS|TAMS 0x00000000eea00000, 0x00000000eea00000| Complete 
| 235|0x00000000eeb00000, 0x00000000eec00000, 0x00000000eec00000|100%| E|CS|TAMS 0x00000000eeb00000, 0x00000000eeb00000| Complete 
| 236|0x00000000eec00000, 0x00000000eed00000, 0x00000000eed00000|100%| E|CS|TAMS 0x00000000eec00000, 0x00000000eec00000| Complete 
| 237|0x00000000eed00000, 0x00000000eee00000, 0x00000000eee00000|100%| E|CS|TAMS 0x00000000eed00000, 0x00000000eed00000| Complete 
| 238|0x00000000eee00000, 0x00000000eef00000, 0x00000000eef00000|100%| E|CS|TAMS 0x00000000eee00000, 0x00000000eee00000| Complete 
| 239|0x00000000eef00000, 0x00000000ef000000, 0x00000000ef000000|100%| E|CS|TAMS 0x00000000eef00000, 0x00000000eef00000| Complete 
| 240|0x00000000ef000000, 0x00000000ef100000, 0x00000000ef100000|100%| E|CS|TAMS 0x00000000ef000000, 0x00000000ef000000| Complete 
| 241|0x00000000ef100000, 0x00000000ef200000, 0x00000000ef200000|100%| E|CS|TAMS 0x00000000ef100000, 0x00000000ef100000| Complete 
| 242|0x00000000ef200000, 0x00000000ef300000, 0x00000000ef300000|100%| E|CS|TAMS 0x00000000ef200000, 0x00000000ef200000| Complete 
| 243|0x00000000ef300000, 0x00000000ef400000, 0x00000000ef400000|100%| E|CS|TAMS 0x00000000ef300000, 0x00000000ef300000| Complete 
| 244|0x00000000ef400000, 0x00000000ef500000, 0x00000000ef500000|100%| E|CS|TAMS 0x00000000ef400000, 0x00000000ef400000| Complete 
| 245|0x00000000ef500000, 0x00000000ef600000, 0x00000000ef600000|100%| E|CS|TAMS 0x00000000ef500000, 0x00000000ef500000| Complete 
| 246|0x00000000ef600000, 0x00000000ef700000, 0x00000000ef700000|100%| E|CS|TAMS 0x00000000ef600000, 0x00000000ef600000| Complete 
| 247|0x00000000ef700000, 0x00000000ef800000, 0x00000000ef800000|100%| E|CS|TAMS 0x00000000ef700000, 0x00000000ef700000| Complete 
| 248|0x00000000ef800000, 0x00000000ef900000, 0x00000000ef900000|100%| E|CS|TAMS 0x00000000ef800000, 0x00000000ef800000| Complete 
| 249|0x00000000ef900000, 0x00000000efa00000, 0x00000000efa00000|100%| E|CS|TAMS 0x00000000ef900000, 0x00000000ef900000| Complete 
| 250|0x00000000efa00000, 0x00000000efb00000, 0x00000000efb00000|100%| E|CS|TAMS 0x00000000efa00000, 0x00000000efa00000| Complete 
| 251|0x00000000efb00000, 0x00000000efc00000, 0x00000000efc00000|100%| E|CS|TAMS 0x00000000efb00000, 0x00000000efb00000| Complete 
| 252|0x00000000efc00000, 0x00000000efd00000, 0x00000000efd00000|100%| E|CS|TAMS 0x00000000efc00000, 0x00000000efc00000| Complete 
| 253|0x00000000efd00000, 0x00000000efe00000, 0x00000000efe00000|100%| E|CS|TAMS 0x00000000efd00000, 0x00000000efd00000| Complete 
| 254|0x00000000efe00000, 0x00000000eff00000, 0x00000000eff00000|100%| E|CS|TAMS 0x00000000efe00000, 0x00000000efe00000| Complete 
| 255|0x00000000eff00000, 0x00000000f0000000, 0x00000000f0000000|100%| E|CS|TAMS 0x00000000eff00000, 0x00000000eff00000| Complete 

Card table byte_map: [0x0000026051820000,0x0000026051920000] _byte_map_base: 0x0000026051120000

Marking Bits (Prev, Next): (CMBitMap*) 0x000002603a0f8b78, (CMBitMap*) 0x000002603a0f8bb0
 Prev Bits: [0x0000026051a20000, 0x0000026052220000)
 Next Bits: [0x0000026052220000, 0x0000026052a20000)

Polling page: 0x00000260398a0000

Metaspace:

Usage:
  Non-class:     40.75 MB capacity,    39.96 MB ( 98%) used,   689.14 KB (  2%) free+waste,   118.00 KB ( <1%) overhead. 
      Class:      6.07 MB capacity,     5.66 MB ( 93%) used,   356.46 KB (  6%) free+waste,    55.69 KB ( <1%) overhead. 
       Both:     46.81 MB capacity,    45.62 MB ( 97%) used,     1.02 MB (  2%) free+waste,   173.69 KB ( <1%) overhead. 

Virtual space:
  Non-class space:       42.00 MB reserved,      40.92 MB ( 97%) committed 
      Class space:      248.00 MB reserved,       6.13 MB (  2%) committed 
             Both:      290.00 MB reserved,      47.05 MB ( 16%) committed 

Chunk freelists:
   Non-Class:  51.00 KB
       Class:  0 bytes
        Both:  51.00 KB

MaxMetaspaceSize: 256.00 MB
CompressedClassSpaceSize: 248.00 MB
Initial GC threshold: 20.80 MB
Current GC threshold: 58.62 MB
CDS: off

CodeHeap 'non-profiled nmethods': size=120064Kb used=3140Kb max_used=3140Kb free=116923Kb
 bounds [0x000002604a2e0000, 0x000002604a600000, 0x0000026051820000]
CodeHeap 'profiled nmethods': size=120000Kb used=11878Kb max_used=11878Kb free=108121Kb
 bounds [0x0000026042db0000, 0x0000026043950000, 0x000002604a2e0000]
CodeHeap 'non-nmethods': size=5696Kb used=2289Kb max_used=2332Kb free=3406Kb
 bounds [0x0000026042820000, 0x0000026042a90000, 0x0000026042db0000]
 total_blobs=6176 nmethods=5391 adapters=697
 compilation: enabled
              stopped_count=0, restarted_count=0
 full_count=0

Compilation events (20 events):
Event: 72.242 Thread 0x00000260559a6000 nmethod 5423 0x0000026043941190 code [0x0000026043941360, 0x0000026043941598]
Event: 72.247 Thread 0x00000260559a6000 5424       3       java.util.WeakHashMap::put (162 bytes)
Event: 72.249 Thread 0x00000260559a6000 nmethod 5424 0x0000026043941690 code [0x0000026043941920, 0x0000026043942878]
Event: 72.495 Thread 0x00000260559a6000 5425       1       org.codehaus.groovy.runtime.metaclass.MetaClassRegistryImpl::getMetaClassCreationHandler (5 bytes)
Event: 72.496 Thread 0x00000260559a6000 nmethod 5425 0x000002604a5ef490 code [0x000002604a5ef640, 0x000002604a5ef6f8]
Event: 73.030 Thread 0x000002605505e000 5426       4       org.codehaus.groovy.reflection.CachedMethod::compareToCachedMethod (160 bytes)
Event: 73.038 Thread 0x00000260559a6000 5428       1       groovy.lang.MetaClassImpl$MethodIndexAction::skipClass (2 bytes)
Event: 73.039 Thread 0x00000260559a6000 nmethod 5428 0x000002604a5ef790 code [0x000002604a5ef940, 0x000002604a5ef9f8]
Event: 73.047 Thread 0x000002605505e000 nmethod 5426 0x000002604a5efa90 code [0x000002604a5efca0, 0x000002604a5f0610]
Event: 73.047 Thread 0x000002605505e000 5427       4       groovy.lang.MetaClassImpl$1MOPIter::methodNameAction (325 bytes)
Event: 73.055 Thread 0x00000260559a6000 5429       3       java.util.Collections$UnmodifiableSet::<init> (6 bytes)
Event: 73.056 Thread 0x00000260559a6000 nmethod 5429 0x0000026043942d90 code [0x0000026043942f60, 0x0000026043943268]
Event: 73.057 Thread 0x00000260559a6000 5430       3       groovy.lang.MetaClassImpl::getMethods (173 bytes)
Event: 73.062 Thread 0x00000260559a6000 nmethod 5430 0x0000026043943390 code [0x00000260439436e0, 0x0000026043944d18]
Event: 73.062 Thread 0x00000260559a6000 5431       3       org.codehaus.groovy.runtime.GroovyCategorySupport::getCategoryMethods (21 bytes)
Event: 73.062 Thread 0x00000260559a6000 nmethod 5431 0x0000026043945390 code [0x00000260439455a0, 0x0000026043945b68]
Event: 73.062 Thread 0x00000260559a6000 5432       3       org.codehaus.groovy.reflection.CachedMethod::find (30 bytes)
Event: 73.066 Thread 0x00000260559a6000 nmethod 5432 0x0000026043945d10 code [0x0000026043945f60, 0x00000260439468b8]
Event: 73.188 Thread 0x00000260559a6000 5433       1       org.codehaus.groovy.runtime.callsite.AbstractCallSite::getName (5 bytes)
Event: 73.188 Thread 0x00000260559a6000 nmethod 5433 0x000002604a5f0d10 code [0x000002604a5f0ec0, 0x000002604a5f0f78]

GC Heap History (16 events):
Event: 1.791 GC heap before
{Heap before GC invocations=0 (full 0):
 garbage-first heap   total 262144K, used 19456K [0x00000000e0000000, 0x0000000100000000)
  region size 1024K, 14 young (14336K), 0 survivors (0K)
 Metaspace       used 6767K, capacity 6989K, committed 7168K, reserved 262144K
  class space    used 571K, capacity 650K, committed 768K, reserved 253952K
}
Event: 1.834 GC heap after
{Heap after GC invocations=1 (full 0):
 garbage-first heap   total 262144K, used 7926K [0x00000000e0000000, 0x0000000100000000)
  region size 1024K, 2 young (2048K), 2 survivors (2048K)
 Metaspace       used 6767K, capacity 6989K, committed 7168K, reserved 262144K
  class space    used 571K, capacity 650K, committed 768K, reserved 253952K
}
Event: 4.028 GC heap before
{Heap before GC invocations=1 (full 0):
 garbage-first heap   total 262144K, used 34550K [0x00000000e0000000, 0x0000000100000000)
  region size 1024K, 28 young (28672K), 2 survivors (2048K)
 Metaspace       used 11185K, capacity 11443K, committed 11520K, reserved 264192K
  class space    used 1145K, capacity 1245K, committed 1280K, reserved 253952K
}
Event: 4.033 GC heap after
{Heap after GC invocations=2 (full 0):
 garbage-first heap   total 262144K, used 10240K [0x00000000e0000000, 0x0000000100000000)
  region size 1024K, 4 young (4096K), 4 survivors (4096K)
 Metaspace       used 11185K, capacity 11443K, committed 11520K, reserved 264192K
  class space    used 1145K, capacity 1245K, committed 1280K, reserved 253952K
}
Event: 5.687 GC heap before
{Heap before GC invocations=2 (full 0):
 garbage-first heap   total 262144K, used 39936K [0x00000000e0000000, 0x0000000100000000)
  region size 1024K, 32 young (32768K), 4 survivors (4096K)
 Metaspace       used 13023K, capacity 13301K, committed 13568K, reserved 266240K
  class space    used 1402K, capacity 1484K, committed 1536K, reserved 253952K
}
Event: 5.699 GC heap after
{Heap after GC invocations=3 (full 0):
 garbage-first heap   total 262144K, used 15148K [0x00000000e0000000, 0x0000000100000000)
  region size 1024K, 4 young (4096K), 4 survivors (4096K)
 Metaspace       used 13023K, capacity 13301K, committed 13568K, reserved 266240K
  class space    used 1402K, capacity 1484K, committed 1536K, reserved 253952K
}
Event: 11.021 GC heap before
{Heap before GC invocations=3 (full 0):
 garbage-first heap   total 262144K, used 52012K [0x00000000e0000000, 0x0000000100000000)
  region size 1024K, 40 young (40960K), 4 survivors (4096K)
 Metaspace       used 19764K, capacity 20184K, committed 20224K, reserved 272384K
  class space    used 2363K, capacity 2522K, committed 2560K, reserved 253952K
}
Event: 11.034 GC heap after
{Heap after GC invocations=4 (full 0):
 garbage-first heap   total 262144K, used 16974K [0x00000000e0000000, 0x0000000100000000)
  region size 1024K, 2 young (2048K), 2 survivors (2048K)
 Metaspace       used 19764K, capacity 20184K, committed 20224K, reserved 272384K
  class space    used 2363K, capacity 2522K, committed 2560K, reserved 253952K
}
Event: 13.062 GC heap before
{Heap before GC invocations=4 (full 0):
 garbage-first heap   total 262144K, used 22094K [0x00000000e0000000, 0x0000000100000000)
  region size 1024K, 8 young (8192K), 2 survivors (2048K)
 Metaspace       used 20718K, capacity 21157K, committed 21296K, reserved 274432K
  class space    used 2474K, capacity 2638K, committed 2688K, reserved 253952K
}
Event: 13.067 GC heap after
{Heap after GC invocations=5 (full 0):
 garbage-first heap   total 262144K, used 17144K [0x00000000e0000000, 0x0000000100000000)
  region size 1024K, 3 young (3072K), 3 survivors (3072K)
 Metaspace       used 20718K, capacity 21157K, committed 21296K, reserved 274432K
  class space    used 2474K, capacity 2638K, committed 2688K, reserved 253952K
}
Event: 17.924 GC heap before
{Heap before GC invocations=6 (full 0):
 garbage-first heap   total 262144K, used 65272K [0x00000000e0000000, 0x0000000100000000)
  region size 1024K, 50 young (51200K), 3 survivors (3072K)
 Metaspace       used 25838K, capacity 26444K, committed 26544K, reserved 278528K
  class space    used 3293K, capacity 3488K, committed 3584K, reserved 253952K
}
Event: 17.931 GC heap after
{Heap after GC invocations=7 (full 0):
 garbage-first heap   total 262144K, used 19122K [0x00000000e0000000, 0x0000000100000000)
  region size 1024K, 5 young (5120K), 5 survivors (5120K)
 Metaspace       used 25838K, capacity 26444K, committed 26544K, reserved 278528K
  class space    used 3293K, capacity 3488K, committed 3584K, reserved 253952K
}
Event: 21.979 GC heap before
{Heap before GC invocations=7 (full 0):
 garbage-first heap   total 262144K, used 80562K [0x00000000e0000000, 0x0000000100000000)
  region size 1024K, 67 young (68608K), 5 survivors (5120K)
 Metaspace       used 34961K, capacity 35723K, committed 35888K, reserved 286720K
  class space    used 4440K, capacity 4734K, committed 4736K, reserved 253952K
}
Event: 22.001 GC heap after
{Heap after GC invocations=8 (full 0):
 garbage-first heap   total 262144K, used 22785K [0x00000000e0000000, 0x0000000100000000)
  region size 1024K, 8 young (8192K), 8 survivors (8192K)
 Metaspace       used 34961K, capacity 35723K, committed 35888K, reserved 286720K
  class space    used 4440K, capacity 4734K, committed 4736K, reserved 253952K
}
Event: 28.077 GC heap before
{Heap before GC invocations=9 (full 0):
 garbage-first heap   total 262144K, used 145665K [0x00000000e0000000, 0x0000000100000000)
  region size 1024K, 126 young (129024K), 8 survivors (8192K)
 Metaspace       used 42209K, capacity 43170K, committed 43312K, reserved 292864K
  class space    used 5374K, capacity 5721K, committed 5760K, reserved 253952K
}
Event: 28.193 GC heap after
{Heap after GC invocations=10 (full 0):
 garbage-first heap   total 262144K, used 30756K [0x00000000e0000000, 0x0000000100000000)
  region size 1024K, 16 young (16384K), 16 survivors (16384K)
 Metaspace       used 42209K, capacity 43170K, committed 43312K, reserved 292864K
  class space    used 5374K, capacity 5721K, committed 5760K, reserved 253952K
}

Deoptimization events (20 events):
Event: 69.467 Thread 0x0000026056550800 Uncommon trap: trap_request=0xffffff4d fr.pc=0x000002604a3635cc relative=0x0000000000000eac
Event: 69.479 Thread 0x0000026056550800 Uncommon trap: reason=unstable_if action=reinterpret pc=0x000002604a3635cc method=java.lang.StringUTF16.compress([CII)[B @ 13 c2
Event: 69.480 Thread 0x0000026056550800 DEOPT PACKING pc=0x000002604a3635cc sp=0x000000928f0f8610
Event: 69.481 Thread 0x0000026056550800 DEOPT UNPACKING pc=0x000002604286a1af sp=0x000000928f0f8440 mode 2
Event: 69.486 Thread 0x0000026056550800 Uncommon trap: trap_request=0xffffff4d fr.pc=0x000002604a2fc160 relative=0x00000000000003a0
Event: 69.486 Thread 0x0000026056550800 Uncommon trap: reason=unstable_if action=reinterpret pc=0x000002604a2fc160 method=java.lang.StringUTF16.compress([CII)[B @ 13 c2
Event: 69.486 Thread 0x0000026056550800 DEOPT PACKING pc=0x000002604a2fc160 sp=0x000000928f0f84b0
Event: 69.487 Thread 0x0000026056550800 DEOPT UNPACKING pc=0x000002604286a1af sp=0x000000928f0f83f0 mode 2
Event: 72.042 Thread 0x0000026056550800 DEOPT PACKING pc=0x0000026043058797 sp=0x000000928f0f7120
Event: 72.044 Thread 0x0000026056550800 DEOPT UNPACKING pc=0x000002604286a95e sp=0x000000928f0f66a8 mode 0
Event: 72.067 Thread 0x0000026056550800 Uncommon trap: trap_request=0xffffff4d fr.pc=0x000002604a2f0d30 relative=0x0000000000000310
Event: 72.067 Thread 0x0000026056550800 Uncommon trap: reason=unstable_if action=reinterpret pc=0x000002604a2f0d30 method=java.lang.StringUTF16.compress([CI[BII)I @ 20 c2
Event: 72.067 Thread 0x0000026056550800 DEOPT PACKING pc=0x000002604a2f0d30 sp=0x000000928f0f7ed0
Event: 72.069 Thread 0x0000026056550800 DEOPT UNPACKING pc=0x000002604286a1af sp=0x000000928f0f7e50 mode 2
Event: 72.458 Thread 0x0000026056550800 Uncommon trap: trap_request=0xffffffc6 fr.pc=0x000002604a5ad758 relative=0x00000000000006d8
Event: 72.458 Thread 0x0000026056550800 Uncommon trap: reason=bimorphic_or_optimized_type_check action=maybe_recompile pc=0x000002604a5ad758 method=java.util.regex.Matcher.search(I)Z @ 121 c2
Event: 72.458 Thread 0x0000026056550800 DEOPT PACKING pc=0x000002604a5ad758 sp=0x000000928f0f79d0
Event: 72.459 Thread 0x0000026056550800 DEOPT UNPACKING pc=0x000002604286a1af sp=0x000000928f0f7938 mode 2
Event: 72.816 Thread 0x0000026057035800 DEOPT PACKING pc=0x000002604393fd1b sp=0x000000928eafe500
Event: 72.817 Thread 0x0000026057035800 DEOPT UNPACKING pc=0x000002604286a95e sp=0x000000928eafd970 mode 0

Classes redefined (0 events):
No events

Internal exceptions (20 events):
Event: 37.743 Thread 0x0000026056550800 Exception <a 'java/lang/ClassNotFoundException'{0x00000000e8d68dd8}: java/io/ReaderCustomizer> (0x00000000e8d68dd8) thrown at [./src/hotspot/share/classfile/systemDictionary.cpp, line 230]
Event: 37.744 Thread 0x0000026056550800 Exception <a 'java/lang/ClassNotFoundException'{0x00000000e8d730f0}: java/io/InputStreamReaderCustomizer> (0x00000000e8d730f0) thrown at [./src/hotspot/share/classfile/systemDictionary.cpp, line 230]
Event: 37.788 Thread 0x0000026056550800 Exception <a 'java/lang/ClassNotFoundException'{0x00000000e8d95450}: java/io/BufferedReaderBeanInfo> (0x00000000e8d95450) thrown at [./src/hotspot/share/classfile/systemDictionary.cpp, line 230]
Event: 37.794 Thread 0x0000026056550800 Exception <a 'java/lang/ClassNotFoundException'{0x00000000e8d9a370}: java/io/BufferedReaderCustomizer> (0x00000000e8d9a370) thrown at [./src/hotspot/share/classfile/systemDictionary.cpp, line 230]
Event: 37.826 Thread 0x0000026056550800 Exception <a 'java/lang/ClassNotFoundException'{0x00000000e8ccf6e8}: java/lang/StringBufferBeanInfo> (0x00000000e8ccf6e8) thrown at [./src/hotspot/share/classfile/systemDictionary.cpp, line 230]
Event: 37.826 Thread 0x0000026056550800 Exception <a 'java/lang/ClassNotFoundException'{0x00000000e8cd4928}: java/lang/AbstractStringBuilderBeanInfo> (0x00000000e8cd4928) thrown at [./src/hotspot/share/classfile/systemDictionary.cpp, line 230]
Event: 37.827 Thread 0x0000026056550800 Exception <a 'java/lang/ClassNotFoundException'{0x00000000e8cd98d8}: java/lang/AbstractStringBuilderCustomizer> (0x00000000e8cd98d8) thrown at [./src/hotspot/share/classfile/systemDictionary.cpp, line 230]
Event: 37.841 Thread 0x0000026056550800 Exception <a 'java/lang/ClassNotFoundException'{0x00000000e8ba61b8}: java/lang/StringBufferCustomizer> (0x00000000e8ba61b8) thrown at [./src/hotspot/share/classfile/systemDictionary.cpp, line 230]
Event: 50.442 Thread 0x0000026056550800 Exception <a 'java/lang/ClassNotFoundException'{0x00000000e8af20a8}: java/lang/StringBeanInfo> (0x00000000e8af20a8) thrown at [./src/hotspot/share/classfile/systemDictionary.cpp, line 230]
Event: 50.447 Thread 0x0000026056550800 Exception <a 'java/lang/ClassNotFoundException'{0x00000000e8af6fc0}: java/lang/StringCustomizer> (0x00000000e8af6fc0) thrown at [./src/hotspot/share/classfile/systemDictionary.cpp, line 230]
Event: 70.361 Thread 0x0000026056550800 Exception <a 'java/lang/ClassNotFoundException'{0x00000000e89cd998}: groovy/json/JsonSlurperBeanInfo> (0x00000000e89cd998) thrown at [./src/hotspot/share/classfile/systemDictionary.cpp, line 230]
Event: 70.374 Thread 0x0000026056550800 Exception <a 'java/lang/ClassNotFoundException'{0x00000000e89ee968}: groovy/json/JsonSlurperCustomizer> (0x00000000e89ee968) thrown at [./src/hotspot/share/classfile/systemDictionary.cpp, line 230]
Event: 72.112 Thread 0x0000026056550800 Exception <a 'java/lang/ClassNotFoundException'{0x00000000e872b9f8}: org/apache/groovy/json/internal/LazyMapBeanInfo> (0x00000000e872b9f8) thrown at [./src/hotspot/share/classfile/systemDictionary.cpp, line 230]
Event: 72.115 Thread 0x0000026056550800 Exception <a 'java/lang/ClassNotFoundException'{0x00000000e873d6b8}: org/apache/groovy/json/internal/LazyMapCustomizer> (0x00000000e873d6b8) thrown at [./src/hotspot/share/classfile/systemDictionary.cpp, line 230]
Event: 72.928 Thread 0x0000026056550800 Exception <a 'java/lang/ClassNotFoundException'{0x00000000e87cba30}: groovy/text/SimpleTemplateEngineBeanInfo> (0x00000000e87cba30) thrown at [./src/hotspot/share/classfile/systemDictionary.cpp, line 230]
Event: 72.955 Thread 0x0000026056550800 Exception <a 'java/lang/ClassNotFoundException'{0x00000000e87ed118}: groovy/text/TemplateEngineBeanInfo> (0x00000000e87ed118) thrown at [./src/hotspot/share/classfile/systemDictionary.cpp, line 230]
Event: 72.972 Thread 0x0000026056550800 Exception <a 'java/lang/ClassNotFoundException'{0x00000000e860f968}: groovy/text/TemplateEngineCustomizer> (0x00000000e860f968) thrown at [./src/hotspot/share/classfile/systemDictionary.cpp, line 230]
Event: 72.979 Thread 0x0000026056550800 Exception <a 'java/lang/ClassNotFoundException'{0x00000000e8638a40}: groovy/text/SimpleTemplateEngineCustomizer> (0x00000000e8638a40) thrown at [./src/hotspot/share/classfile/systemDictionary.cpp, line 230]
Event: 73.043 Thread 0x0000026056550800 Exception <a 'java/lang/ClassNotFoundException'{0x00000000e8692108}: groovy/lang/GroovyShellBeanInfo> (0x00000000e8692108) thrown at [./src/hotspot/share/classfile/systemDictionary.cpp, line 230]
Event: 73.049 Thread 0x0000026056550800 Exception <a 'java/lang/ClassNotFoundException'{0x00000000e86c5e00}: groovy/lang/GroovyShellCustomizer> (0x00000000e86c5e00) thrown at [./src/hotspot/share/classfile/systemDictionary.cpp, line 230]

Events (20 events):
Event: 73.045 loading class groovy/lang/GroovyShellCustomizer
Event: 73.045 loading class groovy/lang/GroovyShellCustomizer done
Event: 73.045 loading class groovy/lang/GroovyShellCustomizer
Event: 73.045 loading class groovy/lang/GroovyShellCustomizer done
Event: 73.049 loading class groovy/lang/GroovyShellCustomizer
Event: 73.049 loading class groovy/lang/GroovyShellCustomizer done
Event: 73.084 loading class org/codehaus/groovy/control/CompilerConfiguration
Event: 73.084 loading class org/codehaus/groovy/control/CompilerConfiguration done
Event: 73.105 loading class groovy/lang/GroovyClassLoader
Event: 73.105 loading class groovy/lang/GroovyClassLoader done
Event: 73.106 loading class org/codehaus/groovy/control/CompilerConfiguration
Event: 73.106 loading class org/codehaus/groovy/control/CompilerConfiguration done
Event: 73.153 loading class ReactNativeModules$_getReactNativeConfig_closure7
Event: 73.153 loading class ReactNativeModules$_getReactNativeConfig_closure7 done
Event: 73.189 loading class groovy/runtime/metaclass/ReactNativeModules$_getReactNativeConfig_closure7MetaClass
Event: 73.189 loading class groovy/runtime/metaclass/ReactNativeModules$_getReactNativeConfig_closure7MetaClass done
Event: 73.190 loading class org/codehaus/groovy/runtime/metaclass/ClosureMetaClass
Event: 73.190 loading class org/codehaus/groovy/runtime/metaclass/ClosureMetaClass done
Event: 73.210 loading class org/codehaus/groovy/runtime/metaclass/ClosureMetaClass$MethodChooser
Event: 73.210 loading class org/codehaus/groovy/runtime/metaclass/ClosureMetaClass$MethodChooser done


Dynamic libraries:
0x00007ff686fa0000 - 0x00007ff686fad000 	C:\Program Files\Eclipse Adoptium\jdk-11.0.16.101-hotspot\bin\java.exe
0x00007ffa70e60000 - 0x00007ffa71050000 	C:\Windows\SYSTEM32\ntdll.dll
0x00007ffa6fef0000 - 0x00007ffa6ffa2000 	C:\Windows\System32\KERNEL32.DLL
0x00007ffa6ec60000 - 0x00007ffa6ef05000 	C:\Windows\System32\KERNELBASE.dll
0x00007ffa6df70000 - 0x00007ffa6e06a000 	C:\Windows\System32\ucrtbase.dll
0x00007ffa36f10000 - 0x00007ffa36f27000 	C:\Program Files\Eclipse Adoptium\jdk-11.0.16.101-hotspot\bin\jli.dll
0x00007ffa33c20000 - 0x00007ffa33c35000 	C:\Program Files\Eclipse Adoptium\jdk-11.0.16.101-hotspot\bin\VCRUNTIME140.dll
0x00007ffa6f020000 - 0x00007ffa6f1b4000 	C:\Windows\System32\USER32.dll
0x00007ffa6e100000 - 0x00007ffa6e121000 	C:\Windows\System32\win32u.dll
0x00007ffa701a0000 - 0x00007ffa701c6000 	C:\Windows\System32\GDI32.dll
0x00007ffa5e150000 - 0x00007ffa5e3d4000 	C:\Windows\WinSxS\amd64_microsoft.windows.common-controls_6595b64144ccf1df_6.0.18362.1440_none_9e7dbfb9e45e8e67\COMCTL32.dll
0x00007ffa6ddd0000 - 0x00007ffa6df68000 	C:\Windows\System32\gdi32full.dll
0x00007ffa6e1e0000 - 0x00007ffa6e27e000 	C:\Windows\System32\msvcp_win.dll
0x00007ffa6f3f0000 - 0x00007ffa6f48e000 	C:\Windows\System32\msvcrt.dll
0x00007ffa6fb80000 - 0x00007ffa6feb6000 	C:\Windows\System32\combase.dll
0x00007ffa70640000 - 0x00007ffa7075f000 	C:\Windows\System32\RPCRT4.dll
0x00007ffa6e070000 - 0x00007ffa6e0f1000 	C:\Windows\System32\bcryptPrimitives.dll
0x00007ffa6fec0000 - 0x00007ffa6feee000 	C:\Windows\System32\IMM32.DLL
0x00007ff9d8880000 - 0x00007ff9d891b000 	C:\Program Files\Eclipse Adoptium\jdk-11.0.16.101-hotspot\bin\msvcp140.dll
0x00007ff9d4280000 - 0x00007ff9d4e02000 	C:\Program Files\Eclipse Adoptium\jdk-11.0.16.101-hotspot\bin\server\jvm.dll
0x00007ffa70480000 - 0x00007ffa70523000 	C:\Windows\System32\ADVAPI32.dll
0x00007ffa70530000 - 0x00007ffa705c7000 	C:\Windows\System32\sechost.dll
0x00007ffa6f220000 - 0x00007ffa6f228000 	C:\Windows\System32\PSAPI.DLL
0x00007ffa5e090000 - 0x00007ffa5e099000 	C:\Windows\SYSTEM32\WSOCK32.dll
0x00007ffa6a4e0000 - 0x00007ffa6a504000 	C:\Windows\SYSTEM32\WINMM.dll
0x00007ffa705d0000 - 0x00007ffa7063f000 	C:\Windows\System32\WS2_32.dll
0x00007ffa6a4b0000 - 0x00007ffa6a4dd000 	C:\Windows\SYSTEM32\WINMMBASE.dll
0x00007ffa6e3e0000 - 0x00007ffa6e42a000 	C:\Windows\System32\cfgmgr32.dll
0x00007ffa66220000 - 0x00007ffa6622a000 	C:\Windows\SYSTEM32\VERSION.dll
0x00007ffa6dd40000 - 0x00007ffa6dd51000 	C:\Windows\System32\kernel.appcore.dll
0x00007ffa4f310000 - 0x00007ffa4f320000 	C:\Program Files\Eclipse Adoptium\jdk-11.0.16.101-hotspot\bin\verify.dll
0x00007ffa6c4f0000 - 0x00007ffa6c6e4000 	C:\Windows\SYSTEM32\DBGHELP.DLL
0x00007ffa59250000 - 0x00007ffa5927a000 	C:\Windows\SYSTEM32\dbgcore.DLL
0x00007ff9e03a0000 - 0x00007ff9e03c8000 	C:\Program Files\Eclipse Adoptium\jdk-11.0.16.101-hotspot\bin\java.dll
0x00007ffa49e40000 - 0x00007ffa49e4a000 	C:\Program Files\Eclipse Adoptium\jdk-11.0.16.101-hotspot\bin\jimage.dll
0x00007ffa32ab0000 - 0x00007ffa32ac8000 	C:\Program Files\Eclipse Adoptium\jdk-11.0.16.101-hotspot\bin\zip.dll
0x00007ffa6f490000 - 0x00007ffa6fb78000 	C:\Windows\System32\SHELL32.dll
0x00007ffa6ef70000 - 0x00007ffa6f017000 	C:\Windows\System32\shcore.dll
0x00007ffa6e490000 - 0x00007ffa6ec0b000 	C:\Windows\System32\windows.storage.dll
0x00007ffa6ddb0000 - 0x00007ffa6ddce000 	C:\Windows\System32\profapi.dll
0x00007ffa6dd60000 - 0x00007ffa6ddaa000 	C:\Windows\System32\powrprof.dll
0x00007ffa6dd10000 - 0x00007ffa6dd20000 	C:\Windows\System32\UMPDC.dll
0x00007ffa6ef10000 - 0x00007ffa6ef62000 	C:\Windows\System32\shlwapi.dll
0x00007ffa6ec10000 - 0x00007ffa6ec27000 	C:\Windows\System32\cryptsp.dll
0x00007ffa32750000 - 0x00007ffa32769000 	C:\Program Files\Eclipse Adoptium\jdk-11.0.16.101-hotspot\bin\net.dll
0x00007ffa5f670000 - 0x00007ffa5f76a000 	C:\Windows\SYSTEM32\WINHTTP.dll
0x00007ffa6d4f0000 - 0x00007ffa6d557000 	C:\Windows\system32\mswsock.dll
0x00007ffa31c30000 - 0x00007ffa31c43000 	C:\Program Files\Eclipse Adoptium\jdk-11.0.16.101-hotspot\bin\nio.dll
0x00007ffa31c50000 - 0x00007ffa31c77000 	C:\Users\ASUS\.gradle\native\e1d6ef7f7dcc3fd88c89a11ec53ec762bb8ba0a96d01ffa2cd45eb1d1d8dd5c5\windows-amd64\native-platform.dll
0x00007ff9d8730000 - 0x00007ff9d8874000 	C:\Users\ASUS\.gradle\native\5664cfc778a61ccfe75a443a1ab52a65af34e5dc3c78e0209fed803814484fcb\windows-amd64\native-platform-file-events.dll
0x00007ffa44240000 - 0x00007ffa44249000 	C:\Program Files\Eclipse Adoptium\jdk-11.0.16.101-hotspot\bin\management.dll
0x00007ffa41630000 - 0x00007ffa4163b000 	C:\Program Files\Eclipse Adoptium\jdk-11.0.16.101-hotspot\bin\management_ext.dll
0x00007ffa6d070000 - 0x00007ffa6d0a3000 	C:\Windows\system32\rsaenh.dll
0x00007ffa6ec30000 - 0x00007ffa6ec56000 	C:\Windows\System32\bcrypt.dll
0x00007ffa6dc30000 - 0x00007ffa6dc55000 	C:\Windows\SYSTEM32\USERENV.dll
0x00007ffa6d6c0000 - 0x00007ffa6d6cc000 	C:\Windows\SYSTEM32\CRYPTBASE.dll
0x00007ffa6d200000 - 0x00007ffa6d23a000 	C:\Windows\SYSTEM32\IPHLPAPI.DLL
0x00007ffa70340000 - 0x00007ffa70348000 	C:\Windows\System32\NSI.dll
0x00007ffa66840000 - 0x00007ffa66856000 	C:\Windows\SYSTEM32\dhcpcsvc6.DLL
0x00007ffa66820000 - 0x00007ffa6683c000 	C:\Windows\SYSTEM32\dhcpcsvc.DLL
0x00007ffa6d240000 - 0x00007ffa6d30b000 	C:\Windows\SYSTEM32\DNSAPI.dll

dbghelp: loaded successfully - version: 4.0.5 - missing functions: none
symbol engine: initialized successfully - sym options: 0x614 - pdb path: .;C:\Program Files\Eclipse Adoptium\jdk-11.0.16.101-hotspot\bin;C:\Windows\SYSTEM32;C:\Windows\WinSxS\amd64_microsoft.windows.common-controls_6595b64144ccf1df_6.0.18362.1440_none_9e7dbfb9e45e8e67;C:\Program Files\Eclipse Adoptium\jdk-11.0.16.101-hotspot\bin\server;C:\Users\ASUS\.gradle\native\e1d6ef7f7dcc3fd88c89a11ec53ec762bb8ba0a96d01ffa2cd45eb1d1d8dd5c5\windows-amd64;C:\Users\ASUS\.gradle\native\5664cfc778a61ccfe75a443a1ab52a65af34e5dc3c78e0209fed803814484fcb\windows-amd64

VM Arguments:
jvm_args: --add-opens=java.base/java.util=ALL-UNNAMED --add-opens=java.base/java.lang=ALL-UNNAMED --add-opens=java.base/java.lang.invoke=ALL-UNNAMED --add-opens=java.base/java.util=ALL-UNNAMED --add-opens=java.prefs/java.util.prefs=ALL-UNNAMED --add-opens=java.prefs/java.util.prefs=ALL-UNNAMED --add-opens=java.base/java.nio.charset=ALL-UNNAMED --add-opens=java.base/java.net=ALL-UNNAMED --add-opens=java.base/java.util.concurrent.atomic=ALL-UNNAMED -XX:MaxMetaspaceSize=256m -XX:+HeapDumpOnOutOfMemoryError -Xms256m -Xmx512m -Dfile.encoding=windows-1252 -Duser.country=GB -Duser.language=en -Duser.variant 
java_command: org.gradle.launcher.daemon.bootstrap.GradleDaemon 7.2
java_class_path (initial): C:\Users\ASUS\.gradle\wrapper\dists\gradle-7.2-all\260hg96vuh6ex27h9vo47iv4d\gradle-7.2\lib\gradle-launcher-7.2.jar
Launcher Type: SUN_STANDARD

[Global flags]
     intx CICompilerCount                          = 3                                         {product} {ergonomic}
   size_t CompressedClassSpaceSize                 = 260046848                                 {product} {ergonomic}
     uint ConcGCThreads                            = 1                                         {product} {ergonomic}
     uint G1ConcRefinementThreads                  = 4                                         {product} {ergonomic}
   size_t G1HeapRegionSize                         = 1048576                                   {product} {ergonomic}
    uintx GCDrainStackTargetSize                   = 64                                        {product} {ergonomic}
     bool HeapDumpOnOutOfMemoryError               = true                                   {manageable} {command line}
   size_t InitialHeapSize                          = 268435456                                 {product} {command line}
   size_t MarkStackSize                            = 4194304                                   {product} {ergonomic}
   size_t MaxHeapSize                              = 536870912                                 {product} {command line}
   size_t MaxMetaspaceSize                         = 268435456                                 {product} {command line}
   size_t MaxNewSize                               = 321912832                                 {product} {ergonomic}
   size_t MinHeapDeltaBytes                        = 1048576                                   {product} {ergonomic}
    uintx NonNMethodCodeHeapSize                   = 5830732                                {pd product} {ergonomic}
    uintx NonProfiledCodeHeapSize                  = 122913754                              {pd product} {ergonomic}
    uintx ProfiledCodeHeapSize                     = 122913754                              {pd product} {ergonomic}
    uintx ReservedCodeCacheSize                    = 251658240                              {pd product} {ergonomic}
     bool SegmentedCodeCache                       = true                                      {product} {ergonomic}
     bool UseCompressedClassPointers               = true                                 {lp64_product} {ergonomic}
     bool UseCompressedOops                        = true                                 {lp64_product} {ergonomic}
     bool UseG1GC                                  = true                                      {product} {ergonomic}
     bool UseLargePagesIndividualAllocation        = false                                  {pd product} {ergonomic}

Logging:
Log output configuration:
 #0: stdout all=warning uptime,level,tags
 #1: stderr all=off uptime,level,tags

Environment Variables:
CLASSPATH=C:\Users\ASUS\Downloads\login\android\\gradle\wrapper\gradle-wrapper.jar
PATH=C:\Users\ASUS\Downloads\login\android\node_modules\.bin;C:\Users\ASUS\Downloads\login\node_modules\.bin;C:\Users\ASUS\Downloads\node_modules\.bin;C:\Users\ASUS\node_modules\.bin;C:\Users\node_modules\.bin;C:\node_modules\.bin;C:\Program Files\nodejs;C:\Users\ASUS\AppData\Local\Temp\yarn--1664990252547-0.14971546311576045;C:\Users\ASUS\Downloads\login\node_modules\.bin;C:\Users\ASUS\AppData\Local\Yarn\Data\link\node_modules\.bin;C:\Users\ASUS\AppData\Local\Yarn\bin;C:\Program Files\libexec\lib\node_modules\npm\bin\node-gyp-bin;C:\Program Files\lib\node_modules\npm\bin\node-gyp-bin;C:\Program Files\nodejs\node_modules\npm\bin\node-gyp-bin;C:\Program Files\Eclipse Adoptium\jdk-11.0.16.101-hotspot\bin;C:\Program Files\Eclipse Adoptium\jdk-17.0.4.8-hotspot\bin;C:\Program Files (x86)\Common Files\Intel\Shared Files\cpp\bin\Intel64;C:\Windows\system32;C:\Windows;C:\Windows\System32\Wbem;C:\Windows\System32\WindowsPowerShell\v1.0\;C:\Windows\System32\OpenSSH\;C:\Program Files\Intel\WiFi\bin\;C:\Program Files\Common Files\Intel\WirelessCommon\;C:\xampp\php;C:\ProgramData\ComposerSetup\bin;C:\MinGW\bin;"C:\Windows\System32;";C:\Users\ASUS\AppData\Local\Packages\PythonSoftwareFoundation.Python.3.7_qbz5n2kfra8p0\LocalCache\local-packages\Python37\Scripts;C:\Users\ASUS\AppData\Local\Programs\Python\Python37;C:\Program Files\Git\cmd;C:\Program Files\IBM\SPSS\Statistics\24\JRE\bin;C:\dart-sdk\bin;C:\ProgramData\chocolatey\bin;C:\Program Files\nodejs\;C:\src\flutter\bin;C:\Users\ASUS\AppData\Local\Android\Sdk\platform-tools;C:\Users\ASUS\AppData\Local\Programs\Python\Python39\Scripts\;C:\Users\ASUS\AppData\Local\Programs\Python\Python39\;C:\Users\ASUS\AppData\Local\Microsoft\WindowsApps;C:\Program Files\JetBrains\PyCharm Community Edition 2019.3.2\bin;;C:\Users\ASUS\AppData\Local\Programs\Microsoft VS Code\bin;C:\Users\ASUS\AppData\Roaming\Composer\vendor\bin;C:\Users\ASUS\AppData\Local\GitHubDesktop\bin;C:\dart-sdk\bin;C:\Users\ASUS\AppData\Roaming\npm;C:\src\flutter\bin;C:\User
USERNAME=ASUS
OS=Windows_NT
PROCESSOR_IDENTIFIER=AMD64 Family 23 Model 24 Stepping 1, AuthenticAMD
TMP=C:\Users\ASUS\AppData\Local\Temp
TEMP=C:\Users\ASUS\AppData\Local\Temp



---------------  S Y S T E M  ---------------

OS: Windows 10 , 64 bit Build 18362 (10.0.18362.1350)
OS uptime: 0 days 1:35 hours

CPU:total 4 (initial active 4) (4 cores per cpu, 2 threads per core) family 23 model 24 stepping 1 microcode 0x0, cmov, cx8, fxsr, mmx, sse, sse2, sse3, ssse3, sse4.1, sse4.2, popcnt, avx, avx2, aes, clmul, mmxext, 3dnowpref, lzcnt, sse4a, ht, tsc, tscinvbit, tscinv, bmi1, bmi2, adx, sha, fma

Memory: 4k page, system-wide physical 3534M (44M free)
TotalPageFile size 14286M (AvailPageFile size 13M)
current process WorkingSet (physical memory assigned to process): 68M, peak: 204M
current process commit charge ("private bytes"): 433M, peak: 443M

vm_info: OpenJDK 64-Bit Server VM (11.0.16.1+1) for windows-amd64 JRE (11.0.16.1+1), built on Aug 16 2022 02:58:04 by "" with MS VC++ 15.9 (VS2017)

END.
